-- Found ament_cmake: 1.3.3 (/opt/ros/humble/share/ament_cmake/cmake)
-- Override CMake install command with custom implementation using symlinks instead of copying resources
-- Found rclcpp: 16.0.3 (/opt/ros/humble/share/rclcpp/cmake)
-- Found rosidl_generator_c: 3.1.4 (/opt/ros/humble/share/rosidl_generator_c/cmake)
-- Found rosidl_adapter: 3.1.4 (/opt/ros/humble/share/rosidl_adapter/cmake)
-- Found rosidl_generator_cpp: 3.1.4 (/opt/ros/humble/share/rosidl_generator_cpp/cmake)
-- Using all available rosidl_typesupport_c: rosidl_typesupport_fastrtps_c;rosidl_typesupport_introspection_c
-- Using all available rosidl_typesupport_cpp: rosidl_typesupport_fastrtps_cpp;rosidl_typesupport_introspection_cpp
-- Found rmw_implementation_cmake: 6.1.1 (/opt/ros/humble/share/rmw_implementation_cmake/cmake)
-- Found rmw_fastrtps_cpp: 6.2.2 (/opt/ros/humble/share/rmw_fastrtps_cpp/cmake)
-- Using RMW implementation 'rmw_fastrtps_cpp' as default
-- Found ament_lint_auto: 0.12.5 (/opt/ros/humble/share/ament_lint_auto/cmake)
-- Added test 'cppcheck' to perform static code analysis on C / C++ code
-- Configured cppcheck include dirs: 
-- Configured cppcheck exclude dirs and/or files: 
-- Added test 'flake8' to check Python code syntax and style conventions
-- Added test 'lint_cmake' to check CMake code style
-- Added test 'pep257' to check Python code against some of the docstring style conventions in PEP 257
-- Added test 'uncrustify' to check C / C++ code style
-- Configured uncrustify additional arguments: 
-- Added test 'xmllint' to check XML markup files
-- Configuring done
-- Generating done
-- Build files have been written to: /home/daeyun/Desktop/github_repositories/ros2_ws/build/my_first_ros_rclcpp_pkg
[ 25%] [32mBuilding CXX object CMakeFiles/helloworld_subscriber.dir/src/helloworld_subscriber.cpp.o[0m
[ 50%] [32mBuilding CXX object CMakeFiles/helloworld_publisher.dir/src/helloworld_publisher.cpp.o[0m
[01m[K/home/daeyun/Desktop/github_repositories/ros2_ws/src/my_first_ros_rclcpp_pkg/src/helloworld_publisher.cpp:[m[K In constructor â€˜[01m[KHelloworldPublisher::HelloworldPublisher()[m[Kâ€™:
[01m[K/home/daeyun/Desktop/github_repositories/ros2_ws/src/my_first_ros_rclcpp_pkg/src/helloworld_publisher.cpp:15:42:[m[K [01;31m[Kerror: [m[Kexpression cannot be used as a function
   15 |     : Node("helloworld_publisher", [01;31m[Kcount_(0)[m[K)
      |                                    [01;31m[K~~~~~~^~~[m[K
[01m[K/home/daeyun/Desktop/github_repositories/ros2_ws/src/my_first_ros_rclcpp_pkg/src/helloworld_publisher.cpp:17:32:[m[K [01;31m[Kerror: [m[Kâ€˜[01m[KQos[m[Kâ€™ is not a member of â€˜[01m[Krclcpp[m[Kâ€™; did you mean â€˜[01m[KQoS[m[Kâ€™?
   17 |     auto qos_profile = rclcpp::[01;31m[KQos[m[K(rclcpp:KeepLast(10));
      |                                [01;31m[K^~~[m[K
      |                                [32m[KQoS[m[K
[01m[K/home/daeyun/Desktop/github_repositories/ros2_ws/src/my_first_ros_rclcpp_pkg/src/helloworld_publisher.cpp:17:42:[m[K [01;31m[Kerror: [m[Kfound â€˜[01m[K:[m[Kâ€™ in nested-name-specifier, expected â€˜[01m[K::[m[Kâ€™
   17 |     auto qos_profile = rclcpp::Qos(rclcpp[01;31m[K:[m[KKeepLast(10));
      |                                          [01;31m[K^[m[K
      |                                          [32m[K::[m[K
[01m[K/home/daeyun/Desktop/github_repositories/ros2_ws/src/my_first_ros_rclcpp_pkg/src/helloworld_subscriber.cpp:[m[K In constructor â€˜[01m[KHelloworldSubscriber::HelloworldSubscriber()[m[Kâ€™:
[01m[K/home/daeyun/Desktop/github_repositories/ros2_ws/src/my_first_ros_rclcpp_pkg/src/helloworld_subscriber.cpp:15:36:[m[K [01;31m[Kerror: [m[Kâ€˜[01m[KQos[m[Kâ€™ is not a member of â€˜[01m[Krclcpp[m[Kâ€™; did you mean â€˜[01m[KQoS[m[Kâ€™?
   15 |         auto qos_profile = rclcpp::[01;31m[KQos[m[K(rclcpp:KeepLast(10));
      |                                    [01;31m[K^~~[m[K
      |                                    [32m[KQoS[m[K
[01m[K/home/daeyun/Desktop/github_repositories/ros2_ws/src/my_first_ros_rclcpp_pkg/src/helloworld_subscriber.cpp:15:46:[m[K [01;31m[Kerror: [m[Kfound â€˜[01m[K:[m[Kâ€™ in nested-name-specifier, expected â€˜[01m[K::[m[Kâ€™
   15 |         auto qos_profile = rclcpp::Qos(rclcpp[01;31m[K:[m[KKeepLast(10));
      |                                              [01;31m[K^[m[K
      |                                              [32m[K::[m[K
[01m[K/home/daeyun/Desktop/github_repositories/ros2_ws/src/my_first_ros_rclcpp_pkg/src/helloworld_subscriber.cpp:16:40:[m[K [01;31m[Kerror: [m[Kâ€˜[01m[Kclass HelloworldSubscriber[m[Kâ€™ has no member named â€˜[01m[Kcreate_subscriber[m[Kâ€™; did you mean â€˜[01m[Kcreate_subscription[m[Kâ€™?
   16 |         helloworld_subscriber_ = this->[01;31m[Kcreate_subscriber[m[K<std_msgs::msg::String>(
      |                                        [01;31m[K^~~~~~~~~~~~~~~~~[m[K
      |                                        [32m[Kcreate_subscription[m[K
[01m[K/home/daeyun/Desktop/github_repositories/ros2_ws/src/my_first_ros_rclcpp_pkg/src/helloworld_subscriber.cpp:16:79:[m[K [01;31m[Kerror: [m[Kexpected primary-expression before â€˜[01m[K>[m[Kâ€™ token
   16 |         helloworld_subscriber_ = this->create_subscriber<std_msgs::msg::String[01;31m[K>[m[K(
      |                                                                               [01;31m[K^[m[K
gmake[2]: *** [CMakeFiles/helloworld_subscriber.dir/build.make:76: CMakeFiles/helloworld_subscriber.dir/src/helloworld_subscriber.cpp.o] Error 1
gmake[1]: *** [CMakeFiles/Makefile2:165: CMakeFiles/helloworld_subscriber.dir/all] Error 2
gmake[1]: *** Waiting for unfinished jobs....
gmake[2]: *** [CMakeFiles/helloworld_publisher.dir/build.make:76: CMakeFiles/helloworld_publisher.dir/src/helloworld_publisher.cpp.o] Error 1
gmake[1]: *** [CMakeFiles/Makefile2:139: CMakeFiles/helloworld_publisher.dir/all] Error 2
gmake: *** [Makefile:146: all] Error 2
