[0.008s] Invoking command in '/home/daeyun/Desktop/github_repositories/ros2_ws/build/my_first_ros_rclcpp_pkg': CMAKE_PREFIX_PATH=${CMAKE_PREFIX_PATH}:/opt/ros/humble /usr/bin/cmake --build /home/daeyun/Desktop/github_repositories/ros2_ws/build/my_first_ros_rclcpp_pkg -- -j16 -l16
[0.028s] [35m[1mConsolidate compiler generated dependencies of target helloworld_publisher[0m
[0.028s] [35m[1mConsolidate compiler generated dependencies of target helloworld_subscriber[0m
[0.037s] [ 25%] [32mBuilding CXX object CMakeFiles/helloworld_subscriber.dir/src/helloworld_subscriber.cpp.o[0m
[0.037s] [ 50%] [32mBuilding CXX object CMakeFiles/helloworld_publisher.dir/src/helloworld_publisher.cpp.o[0m
[1.462s] [01m[K/home/daeyun/Desktop/github_repositories/ros2_ws/src/my_first_ros_rclcpp_pkg/src/helloworld_publisher.cpp:[m[K In constructor â€˜[01m[KHelloworldPublisher::HelloworldPublisher()[m[Kâ€™:
[1.462s] [01m[K/home/daeyun/Desktop/github_repositories/ros2_ws/src/my_first_ros_rclcpp_pkg/src/helloworld_publisher.cpp:15:42:[m[K [01;31m[Kerror: [m[Kexpression cannot be used as a function
[1.462s]    15 |     : Node("helloworld_publisher", [01;31m[Kcount_(0)[m[K)
[1.462s]       |                                    [01;31m[K~~~~~~^~~[m[K
[1.462s] [01m[K/home/daeyun/Desktop/github_repositories/ros2_ws/src/my_first_ros_rclcpp_pkg/src/helloworld_publisher.cpp:17:42:[m[K [01;31m[Kerror: [m[Kfound â€˜[01m[K:[m[Kâ€™ in nested-name-specifier, expected â€˜[01m[K::[m[Kâ€™
[1.462s]    17 |     auto qos_profile = rclcpp::QoS(rclcpp[01;31m[K:[m[KKeepLast(10));
[1.462s]       |                                          [01;31m[K^[m[K
[1.462s]       |                                          [32m[K::[m[K
[1.507s] [01m[K/home/daeyun/Desktop/github_repositories/ros2_ws/src/my_first_ros_rclcpp_pkg/src/helloworld_subscriber.cpp:[m[K In constructor â€˜[01m[KHelloworldSubscriber::HelloworldSubscriber()[m[Kâ€™:
[1.507s] [01m[K/home/daeyun/Desktop/github_repositories/ros2_ws/src/my_first_ros_rclcpp_pkg/src/helloworld_subscriber.cpp:15:46:[m[K [01;31m[Kerror: [m[Kfound â€˜[01m[K:[m[Kâ€™ in nested-name-specifier, expected â€˜[01m[K::[m[Kâ€™
[1.507s]    15 |         auto qos_profile = rclcpp::QoS(rclcpp[01;31m[K:[m[KKeepLast(10));
[1.507s]       |                                              [01;31m[K^[m[K
[1.507s]       |                                              [32m[K::[m[K
[2.007s] gmake[2]: *** [CMakeFiles/helloworld_publisher.dir/build.make:76: CMakeFiles/helloworld_publisher.dir/src/helloworld_publisher.cpp.o] Error 1
[2.007s] gmake[1]: *** [CMakeFiles/Makefile2:139: CMakeFiles/helloworld_publisher.dir/all] Error 2
[2.007s] gmake[1]: *** Waiting for unfinished jobs....
[3.157s] gmake[2]: *** [CMakeFiles/helloworld_subscriber.dir/build.make:76: CMakeFiles/helloworld_subscriber.dir/src/helloworld_subscriber.cpp.o] Error 1
[3.157s] gmake[1]: *** [CMakeFiles/Makefile2:165: CMakeFiles/helloworld_subscriber.dir/all] Error 2
[3.157s] gmake: *** [Makefile:146: all] Error 2
[3.158s] Invoked command in '/home/daeyun/Desktop/github_repositories/ros2_ws/build/my_first_ros_rclcpp_pkg' returned '2': CMAKE_PREFIX_PATH=${CMAKE_PREFIX_PATH}:/opt/ros/humble /usr/bin/cmake --build /home/daeyun/Desktop/github_repositories/ros2_ws/build/my_first_ros_rclcpp_pkg -- -j16 -l16
